# JRE version: 7.0_04-b21
# Java VM: Java HotSpot(TM) 64-Bit Server VM (23.0-b21 mixed mode bsd-amd64 compressed oops)
Heap
 PSYoungGen      total 41856K, used 41836K [0x00000007e6e00000, 0x00000007e9a00000, 0x0000000800000000)
  eden space 38656K, 100% used [0x00000007e6e00000,0x00000007e93c0000,0x00000007e93c0000)
  from space 3200K, 99% used [0x00000007e96e0000,0x00000007e99fb0a8,0x00000007e9a00000)
  to   space 3200K, 89% used [0x00000007e93c0000,0x00000007e968a578,0x00000007e96e0000)
 ParOldGen       total 51456K, used 2312K [0x00000007b4a00000, 0x00000007b7c40000, 0x00000007e6e00000)
  object space 51456K, 4% used [0x00000007b4a00000,0x00000007b4c42238,0x00000007b7c40000)
 PSPermGen       total 21248K, used 12600K [0x00000007af800000, 0x00000007b0cc0000, 0x00000007b4a00000)
  object space 21248K, 59% used [0x00000007af800000,0x00000007b044e0e8,0x00000007b0cc0000)
GC Heap History (9 events):
Event: 0.451 GC heap before
{Heap before GC invocations=1 (full 0):
 PSYoungGen      total 22528K, used 19328K [0x00000007e6e00000, 0x00000007e8720000, 0x0000000800000000)
  eden space 19328K, 100% used [0x00000007e6e00000,0x00000007e80e0000,0x00000007e80e0000)
  from space 3200K, 0% used [0x00000007e8400000,0x00000007e8400000,0x00000007e8720000)
  to   space 3200K, 0% used [0x00000007e80e0000,0x00000007e80e0000,0x00000007e8400000)
 ParOldGen       total 51456K, used 0K [0x00000007b4a00000, 0x00000007b7c40000, 0x00000007e6e00000)
  object space 51456K, 0% used [0x00000007b4a00000,0x00000007b4a00000,0x00000007b7c40000)
 PSPermGen       total 21248K, used 5591K [0x00000007af800000, 0x00000007b0cc0000, 0x00000007b4a00000)
  object space 21248K, 26% used [0x00000007af800000,0x00000007afd75e30,0x00000007b0cc0000)
Event: 0.455 GC heap after
Heap after GC invocations=1 (full 0):
 PSYoungGen      total 22528K, used 2554K [0x00000007e6e00000, 0x00000007e8720000, 0x0000000800000000)
  eden space 19328K, 0% used [0x00000007e6e00000,0x00000007e6e00000,0x00000007e80e0000)
  from space 3200K, 79% used [0x00000007e80e0000,0x00000007e835e968,0x00000007e8400000)
  to   space 3200K, 0% used [0x00000007e8400000,0x00000007e8400000,0x00000007e8720000)
 ParOldGen       total 51456K, used 8K [0x00000007b4a00000, 0x00000007b7c40000, 0x00000007e6e00000)
  object space 51456K, 0% used [0x00000007b4a00000,0x00000007b4a02000,0x00000007b7c40000)
 PSPermGen       total 21248K, used 5591K [0x00000007af800000, 0x00000007b0cc0000, 0x00000007b4a00000)
  object space 21248K, 26% used [0x00000007af800000,0x00000007afd75e30,0x00000007b0cc0000)
}
Event: 0.770 GC heap before
{Heap before GC invocations=2 (full 0):
 PSYoungGen      total 22528K, used 21882K [0x00000007e6e00000, 0x00000007e8720000, 0x0000000800000000)
  eden space 19328K, 100% used [0x00000007e6e00000,0x00000007e80e0000,0x00000007e80e0000)
  from space 3200K, 79% used [0x00000007e80e0000,0x00000007e835e968,0x00000007e8400000)
  to   space 3200K, 0% used [0x00000007e8400000,0x00000007e8400000,0x00000007e8720000)
 ParOldGen       total 51456K, used 8K [0x00000007b4a00000, 0x00000007b7c40000, 0x00000007e6e00000)
  object space 51456K, 0% used [0x00000007b4a00000,0x00000007b4a02000,0x00000007b7c40000)
 PSPermGen       total 21248K, used 10066K [0x00000007af800000, 0x00000007b0cc0000, 0x00000007b4a00000)
  object space 21248K, 47% used [0x00000007af800000,0x00000007b01d4b00,0x00000007b0cc0000)
Event: 0.778 GC heap after
Heap after GC invocations=2 (full 0):
 PSYoungGen      total 22528K, used 3191K [0x00000007e6e00000, 0x00000007e9a00000, 0x0000000800000000)
  eden space 19328K, 0% used [0x00000007e6e00000,0x00000007e6e00000,0x00000007e80e0000)
  from space 3200K, 99% used [0x00000007e8400000,0x00000007e871ded8,0x00000007e8720000)
  to   space 3200K, 0% used [0x00000007e80e0000,0x00000007e80e0000,0x00000007e8400000)
 ParOldGen       total 51456K, used 406K [0x00000007b4a00000, 0x00000007b7c40000, 0x00000007e6e00000)
  object space 51456K, 0% used [0x00000007b4a00000,0x00000007b4a65a48,0x00000007b7c40000)
 PSPermGen       total 21248K, used 10066K [0x00000007af800000, 0x00000007b0cc0000, 0x00000007b4a00000)
  object space 21248K, 47% used [0x00000007af800000,0x00000007b01d4b00,0x00000007b0cc0000)
}
Event: 1.094 GC heap before
{Heap before GC invocations=3 (full 0):
 PSYoungGen      total 22528K, used 22519K [0x00000007e6e00000, 0x00000007e9a00000, 0x0000000800000000)
  eden space 19328K, 100% used [0x00000007e6e00000,0x00000007e80e0000,0x00000007e80e0000)
  from space 3200K, 99% used [0x00000007e8400000,0x00000007e871ded8,0x00000007e8720000)
  to   space 3200K, 0% used [0x00000007e80e0000,0x00000007e80e0000,0x00000007e8400000)
 ParOldGen       total 51456K, used 406K [0x00000007b4a00000, 0x00000007b7c40000, 0x00000007e6e00000)
  object space 51456K, 0% used [0x00000007b4a00000,0x00000007b4a65a48,0x00000007b7c40000)
 PSPermGen       total 21248K, used 10652K [0x00000007af800000, 0x00000007b0cc0000, 0x00000007b4a00000)
  object space 21248K, 50% used [0x00000007af800000,0x00000007b02672b8,0x00000007b0cc0000)
Event: 1.099 GC heap after
Heap after GC invocations=3 (full 0):
 PSYoungGen      total 22528K, used 3196K [0x00000007e6e00000, 0x00000007e9a00000, 0x0000000800000000)
  eden space 19328K, 0% used [0x00000007e6e00000,0x00000007e6e00000,0x00000007e80e0000)
  from space 3200K, 99% used [0x00000007e80e0000,0x00000007e83ff018,0x00000007e8400000)
  to   space 3200K, 0% used [0x00000007e96e0000,0x00000007e96e0000,0x00000007e9a00000)
 ParOldGen       total 51456K, used 1847K [0x00000007b4a00000, 0x00000007b7c40000, 0x00000007e6e00000)
  object space 51456K, 3% used [0x00000007b4a00000,0x00000007b4bcdd30,0x00000007b7c40000)
 PSPermGen       total 21248K, used 10652K [0x00000007af800000, 0x00000007b0cc0000, 0x00000007b4a00000)
  object space 21248K, 50% used [0x00000007af800000,0x00000007b02672b8,0x00000007b0cc0000)
}
Event: 1.359 GC heap before
{Heap before GC invocations=4 (full 0):
 PSYoungGen      total 22528K, used 22524K [0x00000007e6e00000, 0x00000007e9a00000, 0x0000000800000000)
  eden space 19328K, 100% used [0x00000007e6e00000,0x00000007e80e0000,0x00000007e80e0000)
  from space 3200K, 99% used [0x00000007e80e0000,0x00000007e83ff018,0x00000007e8400000)
  to   space 3200K, 0% used [0x00000007e96e0000,0x00000007e96e0000,0x00000007e9a00000)
 ParOldGen       total 51456K, used 1847K [0x00000007b4a00000, 0x00000007b7c40000, 0x00000007e6e00000)
  object space 51456K, 3% used [0x00000007b4a00000,0x00000007b4bcdd30,0x00000007b7c40000)
 PSPermGen       total 21248K, used 10999K [0x00000007af800000, 0x00000007b0cc0000, 0x00000007b4a00000)
  object space 21248K, 51% used [0x00000007af800000,0x00000007b02bdfc8,0x00000007b0cc0000)
Event: 1.364 GC heap after
Heap after GC invocations=4 (full 0):
 PSYoungGen      total 41856K, used 3180K [0x00000007e6e00000, 0x00000007e9a00000, 0x0000000800000000)
  eden space 38656K, 0% used [0x00000007e6e00000,0x00000007e6e00000,0x00000007e93c0000)
  from space 3200K, 99% used [0x00000007e96e0000,0x00000007e99fb0a8,0x00000007e9a00000)
  to   space 3200K, 0% used [0x00000007e93c0000,0x00000007e93c0000,0x00000007e96e0000)
 ParOldGen       total 51456K, used 2304K [0x00000007b4a00000, 0x00000007b7c40000, 0x00000007e6e00000)
  object space 51456K, 4% used [0x00000007b4a00000,0x00000007b4c40238,0x00000007b7c40000)
 PSPermGen       total 21248K, used 10999K [0x00000007af800000, 0x00000007b0cc0000, 0x00000007b4a00000)
  object space 21248K, 51% used [0x00000007af800000,0x00000007b02bdfc8,0x00000007b0cc0000)
}
Event: 1.780 GC heap before
{Heap before GC invocations=5 (full 0):
 PSYoungGen      total 41856K, used 41836K [0x00000007e6e00000, 0x00000007e9a00000, 0x0000000800000000)
  eden space 38656K, 100% used [0x00000007e6e00000,0x00000007e93c0000,0x00000007e93c0000)
  from space 3200K, 99% used [0x00000007e96e0000,0x00000007e99fb0a8,0x00000007e9a00000)
  to   space 3200K, 0% used [0x00000007e93c0000,0x00000007e93c0000,0x00000007e96e0000)
 ParOldGen       total 51456K, used 2304K [0x00000007b4a00000, 0x00000007b7c40000, 0x00000007e6e00000)
  object space 51456K, 4% used [0x00000007b4a00000,0x00000007b4c40238,0x00000007b7c40000)
 PSPermGen       total 21248K, used 12600K [0x00000007af800000, 0x00000007b0cc0000, 0x00000007b4a00000)
  object space 21248K, 59% used [0x00000007af800000,0x00000007b044e0e8,0x00000007b0cc0000)

